<?xml version="1.0" encoding="UTF-8"?>
<testsuite xmlns:xsi="http://www.w3.org/2001/XMLSchema-instance" xsi:noNamespaceSchemaLocation="https://maven.apache.org/surefire/maven-surefire-plugin/xsd/surefire-test-report-3.0.xsd" version="3.0" name="com.github.frankreyesgarcia.spoonparser.SpoonCodeAnalyzerTest" time="0.837" tests="2" errors="0" skipped="0" failures="0">
  <properties>
[...]
</properties>
  <testcase name="testAnalyzeEmptyProject" classname="com.github.frankreyesgarcia.spoonparser.SpoonCodeAnalyzerTest" time="0.278">
    <system-out><![CDATA[11:51:31.298 [main] INFO com.github.frankreyesgarcia.spoonparser.analyzer.SpoonCodeAnalyzer -- Starting analysis of project: /tmp/junit2810616075389580017
]]></system-out>
  </testcase>
  <testcase name="testAnalyzeSimpleProject" classname="com.github.frankreyesgarcia.spoonparser.SpoonCodeAnalyzerTest" time="0.538">
    <system-out><![CDATA[11:51:31.320 [main] INFO com.github.frankreyesgarcia.spoonparser.analyzer.SpoonCodeAnalyzer -- Starting analysis of project: /tmp/junit3320793571516787071
11:51:31.835 [main] INFO com.github.frankreyesgarcia.spoonparser.analyzer.SpoonCodeAnalyzer -- Analysis completed. Found 4 elements
]]></system-out>
  </testcase>
</testsuite>